Performing C SOURCE FILE Test CMAKE_HAVE_LIBC_PTHREAD failed with the following output:
Change Dir: /Users/chenhao/Documents/dev/protobuf/cmake/CMakeFiles/CMakeTmp

Run Build Command(s):/usr/bin/make cmTC_57d25/fast && /Applications/Xcode.app/Contents/Developer/usr/bin/make  -f CMakeFiles/cmTC_57d25.dir/build.make CMakeFiles/cmTC_57d25.dir/build
Building C object CMakeFiles/cmTC_57d25.dir/src.c.o
/Users/chenhao/Library/Android/sdk/ndk/21.1.6352462/toolchains/llvm/prebuilt/darwin-x86_64/bin/clang --target=aarch64-none-linux-android21 --gcc-toolchain=/Users/chenhao/Library/Android/sdk/ndk/21.1.6352462/toolchains/llvm/prebuilt/darwin-x86_64 --sysroot=/Users/chenhao/Library/Android/sdk/ndk/21.1.6352462/toolchains/llvm/prebuilt/darwin-x86_64/sysroot   -g -DANDROID -fdata-sections -ffunction-sections -funwind-tables -fstack-protector-strong -no-canonical-prefixes -D_FORTIFY_SOURCE=2 -Wformat -Werror=format-security  -DCMAKE_HAVE_LIBC_PTHREAD -fPIE -o CMakeFiles/cmTC_57d25.dir/src.c.o -c /Users/chenhao/Documents/dev/protobuf/cmake/CMakeFiles/CMakeTmp/src.c
/Users/chenhao/Documents/dev/protobuf/cmake/CMakeFiles/CMakeTmp/src.c:13:3: warning: implicit declaration of function 'pthread_cancel' is invalid in C99 [-Wimplicit-function-declaration]
  pthread_cancel(thread);
  ^
1 warning generated.
Linking C executable cmTC_57d25
/Users/chenhao/Library/Android/sdk/cmake/3.18.1/bin/cmake -E cmake_link_script CMakeFiles/cmTC_57d25.dir/link.txt --verbose=1
/Users/chenhao/Library/Android/sdk/ndk/21.1.6352462/toolchains/llvm/prebuilt/darwin-x86_64/bin/clang --target=aarch64-none-linux-android21 --gcc-toolchain=/Users/chenhao/Library/Android/sdk/ndk/21.1.6352462/toolchains/llvm/prebuilt/darwin-x86_64 --sysroot=/Users/chenhao/Library/Android/sdk/ndk/21.1.6352462/toolchains/llvm/prebuilt/darwin-x86_64/sysroot -g -DANDROID -fdata-sections -ffunction-sections -funwind-tables -fstack-protector-strong -no-canonical-prefixes -D_FORTIFY_SOURCE=2 -Wformat -Werror=format-security  -DCMAKE_HAVE_LIBC_PTHREAD -Wl,--exclude-libs,libgcc.a -Wl,--exclude-libs,libgcc_real.a -Wl,--exclude-libs,libatomic.a -Wl,--build-id -Wl,--fatal-warnings -Wl,--no-undefined -Qunused-arguments -Wl,--gc-sections   CMakeFiles/cmTC_57d25.dir/src.c.o -o cmTC_57d25  -latomic -lm 
CMakeFiles/cmTC_57d25.dir/src.c.o: In function `main':
/Users/chenhao/Documents/dev/protobuf/cmake/CMakeFiles/CMakeTmp/src.c:(.text.main+0x20): undefined reference to `pthread_cancel'
/Users/chenhao/Documents/dev/protobuf/cmake/CMakeFiles/CMakeTmp/src.c:(.text.main+0x24): undefined reference to `pthread_cancel'
clang: error: linker command failed with exit code 1 (use -v to see invocation)
make[1]: *** [cmTC_57d25] Error 1
make: *** [cmTC_57d25/fast] Error 2


Source file was:
#include <pthread.h>

void* test_func(void* data)
{
  return data;
}

int main(void)
{
  pthread_t thread;
  pthread_create(&thread, NULL, test_func, NULL);
  pthread_detach(thread);
  pthread_cancel(thread);
  pthread_join(thread, NULL);
  pthread_atfork(NULL, NULL, NULL);
  pthread_exit(NULL);

  return 0;
}

Determining if the function pthread_create exists in the pthreads failed with the following output:
Change Dir: /Users/chenhao/Documents/dev/protobuf/cmake/CMakeFiles/CMakeTmp

Run Build Command(s):/usr/bin/make cmTC_40c21/fast && /Applications/Xcode.app/Contents/Developer/usr/bin/make  -f CMakeFiles/cmTC_40c21.dir/build.make CMakeFiles/cmTC_40c21.dir/build
Building C object CMakeFiles/cmTC_40c21.dir/CheckFunctionExists.c.o
/Users/chenhao/Library/Android/sdk/ndk/21.1.6352462/toolchains/llvm/prebuilt/darwin-x86_64/bin/clang --target=aarch64-none-linux-android21 --gcc-toolchain=/Users/chenhao/Library/Android/sdk/ndk/21.1.6352462/toolchains/llvm/prebuilt/darwin-x86_64 --sysroot=/Users/chenhao/Library/Android/sdk/ndk/21.1.6352462/toolchains/llvm/prebuilt/darwin-x86_64/sysroot   -g -DANDROID -fdata-sections -ffunction-sections -funwind-tables -fstack-protector-strong -no-canonical-prefixes -D_FORTIFY_SOURCE=2 -Wformat -Werror=format-security  -DCHECK_FUNCTION_EXISTS=pthread_create -fPIE -o CMakeFiles/cmTC_40c21.dir/CheckFunctionExists.c.o -c /Users/chenhao/Library/Android/sdk/cmake/3.18.1/share/cmake-3.18/Modules/CheckFunctionExists.c
/Users/chenhao/Library/Android/sdk/cmake/3.18.1/share/cmake-3.18/Modules/CheckFunctionExists.c:7:3: warning: declaration of built-in function 'pthread_create' requires inclusion of the header <pthread.h> [-Wbuiltin-requires-header]
  CHECK_FUNCTION_EXISTS(void);
  ^
<command line>:3:31: note: expanded from here
#define CHECK_FUNCTION_EXISTS pthread_create
                              ^
1 warning generated.
Linking C executable cmTC_40c21
/Users/chenhao/Library/Android/sdk/cmake/3.18.1/bin/cmake -E cmake_link_script CMakeFiles/cmTC_40c21.dir/link.txt --verbose=1
/Users/chenhao/Library/Android/sdk/ndk/21.1.6352462/toolchains/llvm/prebuilt/darwin-x86_64/bin/clang --target=aarch64-none-linux-android21 --gcc-toolchain=/Users/chenhao/Library/Android/sdk/ndk/21.1.6352462/toolchains/llvm/prebuilt/darwin-x86_64 --sysroot=/Users/chenhao/Library/Android/sdk/ndk/21.1.6352462/toolchains/llvm/prebuilt/darwin-x86_64/sysroot -g -DANDROID -fdata-sections -ffunction-sections -funwind-tables -fstack-protector-strong -no-canonical-prefixes -D_FORTIFY_SOURCE=2 -Wformat -Werror=format-security  -DCHECK_FUNCTION_EXISTS=pthread_create -Wl,--exclude-libs,libgcc.a -Wl,--exclude-libs,libgcc_real.a -Wl,--exclude-libs,libatomic.a -Wl,--build-id -Wl,--fatal-warnings -Wl,--no-undefined -Qunused-arguments -Wl,--gc-sections   CMakeFiles/cmTC_40c21.dir/CheckFunctionExists.c.o -o cmTC_40c21  -lpthreads -latomic -lm 
/Users/chenhao/Library/Android/sdk/ndk/21.1.6352462/toolchains/llvm/prebuilt/darwin-x86_64/lib/gcc/aarch64-linux-android/4.9.x/../../../../aarch64-linux-android/bin/ld: cannot find -lpthreads
clang: error: linker command failed with exit code 1 (use -v to see invocation)
make[1]: *** [cmTC_40c21] Error 1
make: *** [cmTC_40c21/fast] Error 2



Determining if the function pthread_create exists in the pthread failed with the following output:
Change Dir: /Users/chenhao/Documents/dev/protobuf/cmake/CMakeFiles/CMakeTmp

Run Build Command(s):/usr/bin/make cmTC_f41ed/fast && /Applications/Xcode.app/Contents/Developer/usr/bin/make  -f CMakeFiles/cmTC_f41ed.dir/build.make CMakeFiles/cmTC_f41ed.dir/build
Building C object CMakeFiles/cmTC_f41ed.dir/CheckFunctionExists.c.o
/Users/chenhao/Library/Android/sdk/ndk/21.1.6352462/toolchains/llvm/prebuilt/darwin-x86_64/bin/clang --target=aarch64-none-linux-android21 --gcc-toolchain=/Users/chenhao/Library/Android/sdk/ndk/21.1.6352462/toolchains/llvm/prebuilt/darwin-x86_64 --sysroot=/Users/chenhao/Library/Android/sdk/ndk/21.1.6352462/toolchains/llvm/prebuilt/darwin-x86_64/sysroot   -g -DANDROID -fdata-sections -ffunction-sections -funwind-tables -fstack-protector-strong -no-canonical-prefixes -D_FORTIFY_SOURCE=2 -Wformat -Werror=format-security  -DCHECK_FUNCTION_EXISTS=pthread_create -fPIE -o CMakeFiles/cmTC_f41ed.dir/CheckFunctionExists.c.o -c /Users/chenhao/Library/Android/sdk/cmake/3.18.1/share/cmake-3.18/Modules/CheckFunctionExists.c
/Users/chenhao/Library/Android/sdk/cmake/3.18.1/share/cmake-3.18/Modules/CheckFunctionExists.c:7:3: warning: declaration of built-in function 'pthread_create' requires inclusion of the header <pthread.h> [-Wbuiltin-requires-header]
  CHECK_FUNCTION_EXISTS(void);
  ^
<command line>:3:31: note: expanded from here
#define CHECK_FUNCTION_EXISTS pthread_create
                              ^
1 warning generated.
Linking C executable cmTC_f41ed
/Users/chenhao/Library/Android/sdk/cmake/3.18.1/bin/cmake -E cmake_link_script CMakeFiles/cmTC_f41ed.dir/link.txt --verbose=1
/Users/chenhao/Library/Android/sdk/ndk/21.1.6352462/toolchains/llvm/prebuilt/darwin-x86_64/bin/clang --target=aarch64-none-linux-android21 --gcc-toolchain=/Users/chenhao/Library/Android/sdk/ndk/21.1.6352462/toolchains/llvm/prebuilt/darwin-x86_64 --sysroot=/Users/chenhao/Library/Android/sdk/ndk/21.1.6352462/toolchains/llvm/prebuilt/darwin-x86_64/sysroot -g -DANDROID -fdata-sections -ffunction-sections -funwind-tables -fstack-protector-strong -no-canonical-prefixes -D_FORTIFY_SOURCE=2 -Wformat -Werror=format-security  -DCHECK_FUNCTION_EXISTS=pthread_create -Wl,--exclude-libs,libgcc.a -Wl,--exclude-libs,libgcc_real.a -Wl,--exclude-libs,libatomic.a -Wl,--build-id -Wl,--fatal-warnings -Wl,--no-undefined -Qunused-arguments -Wl,--gc-sections   CMakeFiles/cmTC_f41ed.dir/CheckFunctionExists.c.o -o cmTC_f41ed  -lpthread -latomic -lm 
/Users/chenhao/Library/Android/sdk/ndk/21.1.6352462/toolchains/llvm/prebuilt/darwin-x86_64/lib/gcc/aarch64-linux-android/4.9.x/../../../../aarch64-linux-android/bin/ld: cannot find -lpthread
clang: error: linker command failed with exit code 1 (use -v to see invocation)
make[1]: *** [cmTC_f41ed] Error 1
make: *** [cmTC_f41ed/fast] Error 2



